[ 2014-11-27T09:19:13+08:00 ] 127.0.0.1 /tfun/public/
INFO: [ app_init ] --START--
INFO: Run Behavior\BuildLiteBehavior [ RunTime:0.000016s ]
INFO: [ app_init ] --END-- [ RunTime:0.001193s ]
INFO: [ app_begin ] --START--
INFO: Run Behavior\ReadHtmlCacheBehavior [ RunTime:0.001289s ]
INFO: [ app_begin ] --END-- [ RunTime:0.001344s ]
INFO: [ view_parse ] --START--
INFO: Run Behavior\ParseTemplateBehavior [ RunTime:0.000995s ]
INFO: [ view_parse ] --END-- [ RunTime:0.001064s ]
INFO: [ view_filter ] --START--
INFO: Run Behavior\WriteHtmlCacheBehavior [ RunTime:0.000649s ]
INFO: [ view_filter ] --END-- [ RunTime:0.000702s ]
INFO: [ app_end ] --START--
INFO: Run Behavior\ShowPageTraceBehavior [ RunTime:0.001463s ]
INFO: [ app_end ] --END-- [ RunTime:0.001511s ]

[ 2014-11-27T09:33:52+08:00 ] 127.0.0.1 /tfun/public/
INFO: [ app_init ] --START--
INFO: Run Behavior\BuildLiteBehavior [ RunTime:0.000013s ]
INFO: [ app_init ] --END-- [ RunTime:0.000161s ]
NOTIC: [8] Use of undefined constant LAYOUT_ON - assumed 'LAYOUT_ON' D:\Program Files (x86)\Zend\Apache2\htdocs\tfun\Application\Home\Conf\config.php 第 4 行.
NOTIC: [8] Use of undefined constant LAYOUT_NAME - assumed 'LAYOUT_NAME' D:\Program Files (x86)\Zend\Apache2\htdocs\tfun\Application\Home\Conf\config.php 第 5 行.
INFO: [ app_begin ] --START--
INFO: Run Behavior\ReadHtmlCacheBehavior [ RunTime:0.000219s ]
INFO: [ app_begin ] --END-- [ RunTime:0.000303s ]
INFO: [ view_parse ] --START--
INFO: Run Behavior\ParseTemplateBehavior [ RunTime:0.000246s ]
INFO: [ view_parse ] --END-- [ RunTime:0.000314s ]
INFO: [ view_filter ] --START--
INFO: Run Behavior\WriteHtmlCacheBehavior [ RunTime:0.000121s ]
INFO: [ view_filter ] --END-- [ RunTime:0.000161s ]
INFO: [ app_end ] --START--
INFO: Run Behavior\ShowPageTraceBehavior [ RunTime:0.000123s ]
INFO: [ app_end ] --END-- [ RunTime:0.000163s ]

[ 2014-11-27T09:34:26+08:00 ] 127.0.0.1 /tfun/public/
INFO: [ app_init ] --START--
INFO: Run Behavior\BuildLiteBehavior [ RunTime:0.000012s ]
INFO: [ app_init ] --END-- [ RunTime:0.000108s ]
NOTIC: [8] Use of undefined constant LAYOUT_ON - assumed 'LAYOUT_ON' D:\Program Files (x86)\Zend\Apache2\htdocs\tfun\Application\Home\Conf\config.php 第 4 行.
NOTIC: [8] Use of undefined constant LAYOUT_NAME - assumed 'LAYOUT_NAME' D:\Program Files (x86)\Zend\Apache2\htdocs\tfun\Application\Home\Conf\config.php 第 5 行.
INFO: [ app_begin ] --START--
INFO: Run Behavior\ReadHtmlCacheBehavior [ RunTime:0.000077s ]
INFO: [ app_begin ] --END-- [ RunTime:0.000125s ]
ERR: Think\Controller:dispaly方法不存在！

[ 2014-11-27T09:34:40+08:00 ] 127.0.0.1 /tfun/public/
INFO: [ app_init ] --START--
INFO: Run Behavior\BuildLiteBehavior [ RunTime:0.000014s ]
INFO: [ app_init ] --END-- [ RunTime:0.000164s ]
NOTIC: [8] Use of undefined constant LAYOUT_ON - assumed 'LAYOUT_ON' D:\Program Files (x86)\Zend\Apache2\htdocs\tfun\Application\Home\Conf\config.php 第 4 行.
NOTIC: [8] Use of undefined constant LAYOUT_NAME - assumed 'LAYOUT_NAME' D:\Program Files (x86)\Zend\Apache2\htdocs\tfun\Application\Home\Conf\config.php 第 5 行.
INFO: [ app_begin ] --START--
INFO: Run Behavior\ReadHtmlCacheBehavior [ RunTime:0.000193s ]
INFO: [ app_begin ] --END-- [ RunTime:0.000295s ]
ERR: 模板不存在:../Application/Home/View/Index/index.html

[ 2014-11-27T09:35:36+08:00 ] 127.0.0.1 /tfun/public/
INFO: [ app_init ] --START--
INFO: Run Behavior\BuildLiteBehavior [ RunTime:0.000026s ]
INFO: [ app_init ] --END-- [ RunTime:0.000326s ]
NOTIC: [8] Use of undefined constant LAYOUT_ON - assumed 'LAYOUT_ON' D:\Program Files (x86)\Zend\Apache2\htdocs\tfun\Application\Home\Conf\config.php 第 4 行.
NOTIC: [8] Use of undefined constant LAYOUT_NAME - assumed 'LAYOUT_NAME' D:\Program Files (x86)\Zend\Apache2\htdocs\tfun\Application\Home\Conf\config.php 第 5 行.
INFO: [ app_begin ] --START--
INFO: Run Behavior\ReadHtmlCacheBehavior [ RunTime:0.000096s ]
INFO: [ app_begin ] --END-- [ RunTime:0.000154s ]
INFO: [ view_parse ] --START--
INFO: [ template_filter ] --START--
INFO: Run Behavior\ContentReplaceBehavior [ RunTime:0.000033s ]
INFO: [ template_filter ] --END-- [ RunTime:0.000101s ]
INFO: Run Behavior\ParseTemplateBehavior [ RunTime:0.023602s ]
INFO: [ view_parse ] --END-- [ RunTime:0.023679s ]
INFO: [ view_filter ] --START--
INFO: Run Behavior\WriteHtmlCacheBehavior [ RunTime:0.000145s ]
INFO: [ view_filter ] --END-- [ RunTime:0.000186s ]
INFO: [ app_end ] --START--
INFO: Run Behavior\ShowPageTraceBehavior [ RunTime:0.000124s ]
INFO: [ app_end ] --END-- [ RunTime:0.000163s ]

[ 2014-11-27T09:37:28+08:00 ] 127.0.0.1 /tfun/public/
INFO: [ app_init ] --START--
INFO: Run Behavior\BuildLiteBehavior [ RunTime:0.000036s ]
INFO: [ app_init ] --END-- [ RunTime:0.000332s ]
NOTIC: [8] Use of undefined constant LAYOUT_ON - assumed 'LAYOUT_ON' D:\Program Files (x86)\Zend\Apache2\htdocs\tfun\Application\Home\Conf\config.php 第 4 行.
NOTIC: [8] Use of undefined constant LAYOUT_NAME - assumed 'LAYOUT_NAME' D:\Program Files (x86)\Zend\Apache2\htdocs\tfun\Application\Home\Conf\config.php 第 5 行.
INFO: [ app_begin ] --START--
INFO: Run Behavior\ReadHtmlCacheBehavior [ RunTime:0.000239s ]
INFO: [ app_begin ] --END-- [ RunTime:0.000335s ]
INFO: [ view_parse ] --START--
INFO: [ template_filter ] --START--
INFO: Run Behavior\ContentReplaceBehavior [ RunTime:0.000035s ]
INFO: [ template_filter ] --END-- [ RunTime:0.000107s ]
INFO: Run Behavior\ParseTemplateBehavior [ RunTime:0.015293s ]
INFO: [ view_parse ] --END-- [ RunTime:0.015435s ]
INFO: [ view_filter ] --START--
INFO: Run Behavior\WriteHtmlCacheBehavior [ RunTime:0.000155s ]
INFO: [ view_filter ] --END-- [ RunTime:0.000195s ]
INFO: [ app_end ] --START--
INFO: Run Behavior\ShowPageTraceBehavior [ RunTime:0.000128s ]
INFO: [ app_end ] --END-- [ RunTime:0.000166s ]

[ 2014-11-27T15:50:54+08:00 ] 127.0.0.1 /tfun/public/Home/index/__PUBLIC_/css/bootstrap.css
ERR: 非法操作:__PUBLIC_

[ 2014-11-27T15:50:59+08:00 ] 127.0.0.1 /tfun/public/home/index/__PUBLIC_/css/bootstrap.css
ERR: 非法操作:__PUBLIC_

[ 2014-11-27T15:51:04+08:00 ] 127.0.0.1 /tfun/public/home/__PUBLIC_/css/bootstrap.css
ERR: 无法加载控制器:__PUBLIC_

[ 2014-11-27T15:58:22+08:00 ] 127.0.0.1 /tfun/public/home/__PUBLIC_/css/bootstrap.css
ERR: 无法加载控制器:__PUBLIC_

[ 2014-11-27T16:29:26+08:00 ] 127.0.0.1 /tfun/public/home/__PUBLIC_/css/bootstrap.css
ERR: 无法加载控制器:__PUBLIC_

[ 2014-11-27T16:31:01+08:00 ] 127.0.0.1 /tfun/public/home/__PUBLIC_/css/bootstrap.css
ERR: 无法加载控制器:__PUBLIC_

[ 2014-11-27T16:38:48+08:00 ] 127.0.0.1 /tfun/public/home/__PUBLIC_/css/bootstrap.css
ERR: 无法加载控制器:__PUBLIC_

